{"/Users/ethanayaay/Documents/Code/Hack-Reactor/SDC/reviews/db/index.js": {"path":"/Users/ethanayaay/Documents/Code/Hack-Reactor/SDC/reviews/db/index.js","statementMap":{"0":{"start":{"line":1,"column":25},"end":{"line":1,"column":38}},"1":{"start":{"line":2,"column":16},"end":{"line":2,"column":35}},"2":{"start":{"line":3,"column":0},"end":{"line":3,"column":27}},"3":{"start":{"line":5,"column":13},"end":{"line":9,"column":2}},"4":{"start":{"line":11,"column":0},"end":{"line":14,"column":2}},"5":{"start":{"line":12,"column":2},"end":{"line":12,"column":55}},"6":{"start":{"line":13,"column":2},"end":{"line":13,"column":18}},"7":{"start":{"line":16,"column":0},"end":{"line":16,"column":44}}},"fnMap":{"0":{"name":"(anonymous_0)","decl":{"start":{"line":11,"column":17},"end":{"line":11,"column":18}},"loc":{"start":{"line":11,"column":34},"end":{"line":14,"column":1}},"line":11}},"branchMap":{},"s":{"0":1,"1":1,"2":1,"3":1,"4":1,"5":0,"6":0,"7":1},"f":{"0":0},"b":{},"_coverageSchema":"1a1c01bbd47fc00a2c39e90264f33305004495a9","hash":"8ba5d3856c5fa949c5dc7b895cd1ee1de5cb9e4b"}
,"/Users/ethanayaay/Documents/Code/Hack-Reactor/SDC/reviews/db/controllers/controllers.js": {"path":"/Users/ethanayaay/Documents/Code/Hack-Reactor/SDC/reviews/db/controllers/controllers.js","statementMap":{"0":{"start":{"line":1,"column":14},"end":{"line":1,"column":36}},"1":{"start":{"line":3,"column":0},"end":{"line":34,"column":1}},"2":{"start":{"line":4,"column":65},"end":{"line":4,"column":74}},"3":{"start":{"line":7,"column":2},"end":{"line":33,"column":6}},"4":{"start":{"line":20,"column":17},"end":{"line":25,"column":7}},"5":{"start":{"line":27,"column":6},"end":{"line":27,"column":24}},"6":{"start":{"line":28,"column":6},"end":{"line":28,"column":33}},"7":{"start":{"line":31,"column":6},"end":{"line":31,"column":31}},"8":{"start":{"line":32,"column":6},"end":{"line":32,"column":40}}},"fnMap":{"0":{"name":"(anonymous_0)","decl":{"start":{"line":3,"column":28},"end":{"line":3,"column":29}},"loc":{"start":{"line":3,"column":42},"end":{"line":34,"column":1}},"line":3},"1":{"name":"(anonymous_1)","decl":{"start":{"line":19,"column":10},"end":{"line":19,"column":11}},"loc":{"start":{"line":19,"column":20},"end":{"line":29,"column":5}},"line":19},"2":{"name":"(anonymous_2)","decl":{"start":{"line":30,"column":11},"end":{"line":30,"column":12}},"loc":{"start":{"line":30,"column":20},"end":{"line":33,"column":5}},"line":30}},"branchMap":{"0":{"loc":{"start":{"line":4,"column":8},"end":{"line":4,"column":16}},"type":"default-arg","locations":[{"start":{"line":4,"column":15},"end":{"line":4,"column":16}}],"line":4},"1":{"loc":{"start":{"line":4,"column":18},"end":{"line":4,"column":27}},"type":"default-arg","locations":[{"start":{"line":4,"column":26},"end":{"line":4,"column":27}}],"line":4},"2":{"loc":{"start":{"line":4,"column":30},"end":{"line":4,"column":47}},"type":"default-arg","locations":[{"start":{"line":4,"column":37},"end":{"line":4,"column":47}}],"line":4}},"s":{"0":1,"1":1,"2":3,"3":3,"4":2,"5":2,"6":2,"7":1,"8":1},"f":{"0":3,"1":2,"2":1},"b":{"0":[3],"1":[3],"2":[3]},"_coverageSchema":"1a1c01bbd47fc00a2c39e90264f33305004495a9","hash":"549060e5ea27258ad95f8f9316ac313b4e4dde51"}
,"/Users/ethanayaay/Documents/Code/Hack-Reactor/SDC/reviews/server/app.js": {"path":"/Users/ethanayaay/Documents/Code/Hack-Reactor/SDC/reviews/server/app.js","statementMap":{"0":{"start":{"line":1,"column":16},"end":{"line":1,"column":34}},"1":{"start":{"line":3,"column":0},"end":{"line":31,"column":1}},"2":{"start":{"line":4,"column":14},"end":{"line":4,"column":23}},"3":{"start":{"line":6,"column":2},"end":{"line":8,"column":4}},"4":{"start":{"line":7,"column":4},"end":{"line":7,"column":22}},"5":{"start":{"line":10,"column":2},"end":{"line":12,"column":4}},"6":{"start":{"line":11,"column":4},"end":{"line":11,"column":28}},"7":{"start":{"line":14,"column":2},"end":{"line":16,"column":4}},"8":{"start":{"line":15,"column":4},"end":{"line":15,"column":35}},"9":{"start":{"line":18,"column":2},"end":{"line":20,"column":4}},"10":{"start":{"line":19,"column":4},"end":{"line":19,"column":27}},"11":{"start":{"line":22,"column":2},"end":{"line":24,"column":4}},"12":{"start":{"line":23,"column":4},"end":{"line":23,"column":31}},"13":{"start":{"line":26,"column":2},"end":{"line":28,"column":4}},"14":{"start":{"line":27,"column":4},"end":{"line":27,"column":32}},"15":{"start":{"line":30,"column":2},"end":{"line":30,"column":13}}},"fnMap":{"0":{"name":"(anonymous_0)","decl":{"start":{"line":3,"column":17},"end":{"line":3,"column":18}},"loc":{"start":{"line":3,"column":25},"end":{"line":31,"column":1}},"line":3},"1":{"name":"(anonymous_1)","decl":{"start":{"line":6,"column":15},"end":{"line":6,"column":16}},"loc":{"start":{"line":6,"column":29},"end":{"line":8,"column":3}},"line":6},"2":{"name":"(anonymous_2)","decl":{"start":{"line":10,"column":22},"end":{"line":10,"column":23}},"loc":{"start":{"line":10,"column":36},"end":{"line":12,"column":3}},"line":10},"3":{"name":"(anonymous_3)","decl":{"start":{"line":14,"column":27},"end":{"line":14,"column":28}},"loc":{"start":{"line":14,"column":41},"end":{"line":16,"column":3}},"line":14},"4":{"name":"(anonymous_4)","decl":{"start":{"line":18,"column":23},"end":{"line":18,"column":24}},"loc":{"start":{"line":18,"column":37},"end":{"line":20,"column":3}},"line":18},"5":{"name":"(anonymous_5)","decl":{"start":{"line":22,"column":41},"end":{"line":22,"column":42}},"loc":{"start":{"line":22,"column":55},"end":{"line":24,"column":3}},"line":22},"6":{"name":"(anonymous_6)","decl":{"start":{"line":26,"column":40},"end":{"line":26,"column":41}},"loc":{"start":{"line":26,"column":54},"end":{"line":28,"column":3}},"line":26}},"branchMap":{},"s":{"0":1,"1":1,"2":1,"3":1,"4":0,"5":1,"6":3,"7":1,"8":0,"9":1,"10":0,"11":1,"12":0,"13":1,"14":0,"15":1},"f":{"0":1,"1":0,"2":3,"3":0,"4":0,"5":0,"6":0},"b":{},"_coverageSchema":"1a1c01bbd47fc00a2c39e90264f33305004495a9","hash":"f9bb4446dabadf223d78735f32944168f1ddfb96"}
}
