{"/Users/ethanayaay/Documents/Code/Hack-Reactor/SDC/reviews/db/index.js": {"path":"/Users/ethanayaay/Documents/Code/Hack-Reactor/SDC/reviews/db/index.js","statementMap":{"0":{"start":{"line":1,"column":25},"end":{"line":1,"column":38}},"1":{"start":{"line":2,"column":16},"end":{"line":2,"column":35}},"2":{"start":{"line":3,"column":0},"end":{"line":3,"column":27}},"3":{"start":{"line":5,"column":13},"end":{"line":9,"column":2}},"4":{"start":{"line":11,"column":0},"end":{"line":14,"column":2}},"5":{"start":{"line":12,"column":2},"end":{"line":12,"column":55}},"6":{"start":{"line":13,"column":2},"end":{"line":13,"column":18}},"7":{"start":{"line":16,"column":0},"end":{"line":16,"column":44}}},"fnMap":{"0":{"name":"(anonymous_0)","decl":{"start":{"line":11,"column":17},"end":{"line":11,"column":18}},"loc":{"start":{"line":11,"column":34},"end":{"line":14,"column":1}},"line":11}},"branchMap":{},"s":{"0":1,"1":1,"2":1,"3":1,"4":1,"5":0,"6":0,"7":1},"f":{"0":0},"b":{},"_coverageSchema":"1a1c01bbd47fc00a2c39e90264f33305004495a9","hash":"8ba5d3856c5fa949c5dc7b895cd1ee1de5cb9e4b"}
,"/Users/ethanayaay/Documents/Code/Hack-Reactor/SDC/reviews/db/controllers/controllers.js": {"path":"/Users/ethanayaay/Documents/Code/Hack-Reactor/SDC/reviews/db/controllers/controllers.js","statementMap":{"0":{"start":{"line":1,"column":14},"end":{"line":1,"column":36}},"1":{"start":{"line":3,"column":0},"end":{"line":67,"column":2}},"2":{"start":{"line":5,"column":51},"end":{"line":5,"column":60}},"3":{"start":{"line":7,"column":18},"end":{"line":7,"column":20}},"4":{"start":{"line":9,"column":2},"end":{"line":15,"column":3}},"5":{"start":{"line":10,"column":4},"end":{"line":10,"column":44}},"6":{"start":{"line":11,"column":9},"end":{"line":15,"column":3}},"7":{"start":{"line":12,"column":4},"end":{"line":12,"column":37}},"8":{"start":{"line":14,"column":4},"end":{"line":14,"column":54}},"9":{"start":{"line":18,"column":13},"end":{"line":22,"column":3}},"10":{"start":{"line":25,"column":2},"end":{"line":66,"column":6}},"11":{"start":{"line":43,"column":6},"end":{"line":43,"column":33}},"12":{"start":{"line":46,"column":21},"end":{"line":55,"column":8}},"13":{"start":{"line":47,"column":8},"end":{"line":54,"column":12}},"14":{"start":{"line":53,"column":12},"end":{"line":53,"column":50}},"15":{"start":{"line":57,"column":6},"end":{"line":57,"column":34}},"16":{"start":{"line":60,"column":6},"end":{"line":60,"column":23}},"17":{"start":{"line":61,"column":6},"end":{"line":61,"column":33}},"18":{"start":{"line":64,"column":6},"end":{"line":64,"column":31}},"19":{"start":{"line":65,"column":6},"end":{"line":65,"column":40}},"20":{"start":{"line":69,"column":0},"end":{"line":127,"column":2}},"21":{"start":{"line":70,"column":23},"end":{"line":70,"column":32}},"22":{"start":{"line":72,"column":13},"end":{"line":77,"column":3}},"23":{"start":{"line":80,"column":2},"end":{"line":126,"column":6}},"24":{"start":{"line":86,"column":6},"end":{"line":88,"column":8}},"25":{"start":{"line":87,"column":8},"end":{"line":87,"column":41}},"26":{"start":{"line":90,"column":6},"end":{"line":94,"column":51}},"27":{"start":{"line":97,"column":6},"end":{"line":99,"column":8}},"28":{"start":{"line":98,"column":8},"end":{"line":98,"column":48}},"29":{"start":{"line":101,"column":6},"end":{"line":109,"column":51}},"30":{"start":{"line":112,"column":6},"end":{"line":117,"column":8}},"31":{"start":{"line":113,"column":8},"end":{"line":116,"column":9}},"32":{"start":{"line":120,"column":6},"end":{"line":120,"column":37}},"33":{"start":{"line":121,"column":6},"end":{"line":121,"column":33}},"34":{"start":{"line":124,"column":6},"end":{"line":124,"column":31}},"35":{"start":{"line":125,"column":6},"end":{"line":125,"column":40}},"36":{"start":{"line":129,"column":0},"end":{"line":172,"column":2}},"37":{"start":{"line":133,"column":26},"end":{"line":136,"column":3}},"38":{"start":{"line":138,"column":25},"end":{"line":138,"column":78}},"39":{"start":{"line":141,"column":24},"end":{"line":141,"column":120}},"40":{"start":{"line":144,"column":2},"end":{"line":171,"column":6}},"41":{"start":{"line":147,"column":6},"end":{"line":147,"column":43}},"42":{"start":{"line":149,"column":21},"end":{"line":152,"column":8}},"43":{"start":{"line":150,"column":21},"end":{"line":150,"column":39}},"44":{"start":{"line":151,"column":8},"end":{"line":151,"column":58}},"45":{"start":{"line":154,"column":6},"end":{"line":154,"column":35}},"46":{"start":{"line":157,"column":21},"end":{"line":162,"column":8}},"47":{"start":{"line":158,"column":24},"end":{"line":158,"column":57}},"48":{"start":{"line":159,"column":21},"end":{"line":159,"column":53}},"49":{"start":{"line":161,"column":8},"end":{"line":161,"column":57}},"50":{"start":{"line":164,"column":6},"end":{"line":164,"column":35}},"51":{"start":{"line":167,"column":6},"end":{"line":167,"column":92}},"52":{"start":{"line":170,"column":6},"end":{"line":170,"column":40}},"53":{"start":{"line":174,"column":0},"end":{"line":184,"column":2}},"54":{"start":{"line":175,"column":20},"end":{"line":175,"column":30}},"55":{"start":{"line":177,"column":2},"end":{"line":183,"column":6}},"56":{"start":{"line":179,"column":6},"end":{"line":179,"column":68}},"57":{"start":{"line":182,"column":6},"end":{"line":182,"column":40}},"58":{"start":{"line":186,"column":0},"end":{"line":196,"column":2}},"59":{"start":{"line":187,"column":20},"end":{"line":187,"column":30}},"60":{"start":{"line":189,"column":2},"end":{"line":195,"column":4}},"61":{"start":{"line":191,"column":4},"end":{"line":191,"column":57}},"62":{"start":{"line":194,"column":4},"end":{"line":194,"column":38}}},"fnMap":{"0":{"name":"(anonymous_0)","decl":{"start":{"line":3,"column":28},"end":{"line":3,"column":29}},"loc":{"start":{"line":3,"column":42},"end":{"line":67,"column":1}},"line":3},"1":{"name":"(anonymous_1)","decl":{"start":{"line":41,"column":10},"end":{"line":41,"column":11}},"loc":{"start":{"line":41,"column":20},"end":{"line":58,"column":5}},"line":41},"2":{"name":"(anonymous_2)","decl":{"start":{"line":46,"column":38},"end":{"line":46,"column":39}},"loc":{"start":{"line":46,"column":48},"end":{"line":55,"column":7}},"line":46},"3":{"name":"(anonymous_3)","decl":{"start":{"line":51,"column":16},"end":{"line":51,"column":17}},"loc":{"start":{"line":51,"column":29},"end":{"line":54,"column":11}},"line":51},"4":{"name":"(anonymous_4)","decl":{"start":{"line":59,"column":10},"end":{"line":59,"column":11}},"loc":{"start":{"line":59,"column":20},"end":{"line":62,"column":5}},"line":59},"5":{"name":"(anonymous_5)","decl":{"start":{"line":63,"column":11},"end":{"line":63,"column":12}},"loc":{"start":{"line":63,"column":20},"end":{"line":66,"column":5}},"line":63},"6":{"name":"(anonymous_6)","decl":{"start":{"line":69,"column":29},"end":{"line":69,"column":30}},"loc":{"start":{"line":69,"column":43},"end":{"line":127,"column":1}},"line":69},"7":{"name":"(anonymous_7)","decl":{"start":{"line":85,"column":10},"end":{"line":85,"column":11}},"loc":{"start":{"line":85,"column":20},"end":{"line":95,"column":5}},"line":85},"8":{"name":"(anonymous_8)","decl":{"start":{"line":86,"column":26},"end":{"line":86,"column":27}},"loc":{"start":{"line":86,"column":31},"end":{"line":88,"column":7}},"line":86},"9":{"name":"(anonymous_9)","decl":{"start":{"line":96,"column":10},"end":{"line":96,"column":11}},"loc":{"start":{"line":96,"column":20},"end":{"line":110,"column":5}},"line":96},"10":{"name":"(anonymous_10)","decl":{"start":{"line":97,"column":26},"end":{"line":97,"column":27}},"loc":{"start":{"line":97,"column":31},"end":{"line":99,"column":7}},"line":97},"11":{"name":"(anonymous_11)","decl":{"start":{"line":111,"column":10},"end":{"line":111,"column":11}},"loc":{"start":{"line":111,"column":20},"end":{"line":118,"column":5}},"line":111},"12":{"name":"(anonymous_12)","decl":{"start":{"line":112,"column":26},"end":{"line":112,"column":27}},"loc":{"start":{"line":112,"column":31},"end":{"line":117,"column":7}},"line":112},"13":{"name":"(anonymous_13)","decl":{"start":{"line":119,"column":10},"end":{"line":119,"column":11}},"loc":{"start":{"line":119,"column":16},"end":{"line":122,"column":5}},"line":119},"14":{"name":"(anonymous_14)","decl":{"start":{"line":123,"column":11},"end":{"line":123,"column":12}},"loc":{"start":{"line":123,"column":20},"end":{"line":126,"column":5}},"line":123},"15":{"name":"(anonymous_15)","decl":{"start":{"line":129,"column":28},"end":{"line":129,"column":29}},"loc":{"start":{"line":129,"column":42},"end":{"line":172,"column":1}},"line":129},"16":{"name":"(anonymous_16)","decl":{"start":{"line":145,"column":10},"end":{"line":145,"column":11}},"loc":{"start":{"line":145,"column":20},"end":{"line":155,"column":5}},"line":145},"17":{"name":"(anonymous_17)","decl":{"start":{"line":149,"column":41},"end":{"line":149,"column":42}},"loc":{"start":{"line":149,"column":48},"end":{"line":152,"column":7}},"line":149},"18":{"name":"(anonymous_18)","decl":{"start":{"line":156,"column":10},"end":{"line":156,"column":11}},"loc":{"start":{"line":156,"column":16},"end":{"line":165,"column":5}},"line":156},"19":{"name":"(anonymous_19)","decl":{"start":{"line":157,"column":63},"end":{"line":157,"column":64}},"loc":{"start":{"line":157,"column":74},"end":{"line":162,"column":7}},"line":157},"20":{"name":"(anonymous_20)","decl":{"start":{"line":166,"column":10},"end":{"line":166,"column":11}},"loc":{"start":{"line":166,"column":20},"end":{"line":168,"column":5}},"line":166},"21":{"name":"(anonymous_21)","decl":{"start":{"line":169,"column":11},"end":{"line":169,"column":12}},"loc":{"start":{"line":169,"column":20},"end":{"line":171,"column":5}},"line":169},"22":{"name":"(anonymous_22)","decl":{"start":{"line":174,"column":29},"end":{"line":174,"column":30}},"loc":{"start":{"line":174,"column":43},"end":{"line":184,"column":1}},"line":174},"23":{"name":"(anonymous_23)","decl":{"start":{"line":178,"column":10},"end":{"line":178,"column":11}},"loc":{"start":{"line":178,"column":20},"end":{"line":180,"column":5}},"line":178},"24":{"name":"(anonymous_24)","decl":{"start":{"line":181,"column":11},"end":{"line":181,"column":12}},"loc":{"start":{"line":181,"column":20},"end":{"line":183,"column":5}},"line":181},"25":{"name":"(anonymous_25)","decl":{"start":{"line":186,"column":30},"end":{"line":186,"column":31}},"loc":{"start":{"line":186,"column":44},"end":{"line":196,"column":1}},"line":186},"26":{"name":"(anonymous_26)","decl":{"start":{"line":190,"column":8},"end":{"line":190,"column":9}},"loc":{"start":{"line":190,"column":18},"end":{"line":192,"column":3}},"line":190},"27":{"name":"(anonymous_27)","decl":{"start":{"line":193,"column":9},"end":{"line":193,"column":10}},"loc":{"start":{"line":193,"column":18},"end":{"line":195,"column":3}},"line":193}},"branchMap":{"0":{"loc":{"start":{"line":5,"column":8},"end":{"line":5,"column":16}},"type":"default-arg","locations":[{"start":{"line":5,"column":15},"end":{"line":5,"column":16}}],"line":5},"1":{"loc":{"start":{"line":5,"column":18},"end":{"line":5,"column":27}},"type":"default-arg","locations":[{"start":{"line":5,"column":26},"end":{"line":5,"column":27}}],"line":5},"2":{"loc":{"start":{"line":9,"column":2},"end":{"line":15,"column":3}},"type":"if","locations":[{"start":{"line":9,"column":2},"end":{"line":15,"column":3}},{"start":{"line":11,"column":9},"end":{"line":15,"column":3}}],"line":9},"3":{"loc":{"start":{"line":9,"column":6},"end":{"line":9,"column":48}},"type":"binary-expr","locations":[{"start":{"line":9,"column":6},"end":{"line":9,"column":26}},{"start":{"line":9,"column":30},"end":{"line":9,"column":48}}],"line":9},"4":{"loc":{"start":{"line":11,"column":9},"end":{"line":15,"column":3}},"type":"if","locations":[{"start":{"line":11,"column":9},"end":{"line":15,"column":3}},{"start":{"line":13,"column":9},"end":{"line":15,"column":3}}],"line":11},"5":{"loc":{"start":{"line":11,"column":13},"end":{"line":11,"column":53}},"type":"binary-expr","locations":[{"start":{"line":11,"column":13},"end":{"line":11,"column":32}},{"start":{"line":11,"column":36},"end":{"line":11,"column":53}}],"line":11}},"s":{"0":1,"1":1,"2":3,"3":3,"4":3,"5":0,"6":3,"7":0,"8":3,"9":3,"10":3,"11":2,"12":2,"13":10,"14":10,"15":2,"16":2,"17":2,"18":1,"19":1,"20":1,"21":0,"22":0,"23":0,"24":0,"25":0,"26":0,"27":0,"28":0,"29":0,"30":0,"31":0,"32":0,"33":0,"34":0,"35":0,"36":1,"37":10,"38":10,"39":10,"40":10,"41":1,"42":1,"43":0,"44":0,"45":1,"46":1,"47":4,"48":4,"49":4,"50":1,"51":1,"52":9,"53":1,"54":1,"55":1,"56":1,"57":0,"58":1,"59":1,"60":1,"61":1,"62":0},"f":{"0":3,"1":2,"2":10,"3":10,"4":2,"5":1,"6":0,"7":0,"8":0,"9":0,"10":0,"11":0,"12":0,"13":0,"14":0,"15":10,"16":1,"17":0,"18":1,"19":4,"20":1,"21":9,"22":1,"23":1,"24":0,"25":1,"26":1,"27":0},"b":{"0":[3],"1":[3],"2":[0,3],"3":[3,3],"4":[0,3],"5":[3,3]},"_coverageSchema":"1a1c01bbd47fc00a2c39e90264f33305004495a9","hash":"6c2a05121723baca06c7ea758cde45209b4b2b13"}
,"/Users/ethanayaay/Documents/Code/Hack-Reactor/SDC/reviews/server/app.js": {"path":"/Users/ethanayaay/Documents/Code/Hack-Reactor/SDC/reviews/server/app.js","statementMap":{"0":{"start":{"line":1,"column":16},"end":{"line":1,"column":34}},"1":{"start":{"line":3,"column":0},"end":{"line":32,"column":1}},"2":{"start":{"line":4,"column":14},"end":{"line":4,"column":23}},"3":{"start":{"line":5,"column":2},"end":{"line":5,"column":26}},"4":{"start":{"line":7,"column":2},"end":{"line":9,"column":4}},"5":{"start":{"line":8,"column":4},"end":{"line":8,"column":25}},"6":{"start":{"line":11,"column":2},"end":{"line":13,"column":4}},"7":{"start":{"line":12,"column":4},"end":{"line":12,"column":28}},"8":{"start":{"line":15,"column":2},"end":{"line":17,"column":4}},"9":{"start":{"line":16,"column":4},"end":{"line":16,"column":29}},"10":{"start":{"line":19,"column":2},"end":{"line":21,"column":4}},"11":{"start":{"line":20,"column":4},"end":{"line":20,"column":28}},"12":{"start":{"line":23,"column":2},"end":{"line":25,"column":4}},"13":{"start":{"line":24,"column":4},"end":{"line":24,"column":29}},"14":{"start":{"line":27,"column":2},"end":{"line":29,"column":4}},"15":{"start":{"line":28,"column":4},"end":{"line":28,"column":30}},"16":{"start":{"line":31,"column":2},"end":{"line":31,"column":13}}},"fnMap":{"0":{"name":"(anonymous_0)","decl":{"start":{"line":3,"column":17},"end":{"line":3,"column":18}},"loc":{"start":{"line":3,"column":25},"end":{"line":32,"column":1}},"line":3},"1":{"name":"(anonymous_1)","decl":{"start":{"line":7,"column":15},"end":{"line":7,"column":16}},"loc":{"start":{"line":7,"column":29},"end":{"line":9,"column":3}},"line":7},"2":{"name":"(anonymous_2)","decl":{"start":{"line":11,"column":22},"end":{"line":11,"column":23}},"loc":{"start":{"line":11,"column":36},"end":{"line":13,"column":3}},"line":11},"3":{"name":"(anonymous_3)","decl":{"start":{"line":15,"column":27},"end":{"line":15,"column":28}},"loc":{"start":{"line":15,"column":41},"end":{"line":17,"column":3}},"line":15},"4":{"name":"(anonymous_4)","decl":{"start":{"line":19,"column":23},"end":{"line":19,"column":24}},"loc":{"start":{"line":19,"column":37},"end":{"line":21,"column":3}},"line":19},"5":{"name":"(anonymous_5)","decl":{"start":{"line":23,"column":41},"end":{"line":23,"column":42}},"loc":{"start":{"line":23,"column":55},"end":{"line":25,"column":3}},"line":23},"6":{"name":"(anonymous_6)","decl":{"start":{"line":27,"column":40},"end":{"line":27,"column":41}},"loc":{"start":{"line":27,"column":54},"end":{"line":29,"column":3}},"line":27}},"branchMap":{},"s":{"0":1,"1":1,"2":1,"3":1,"4":1,"5":0,"6":1,"7":3,"8":1,"9":0,"10":1,"11":10,"12":1,"13":1,"14":1,"15":1,"16":1},"f":{"0":1,"1":0,"2":3,"3":0,"4":10,"5":1,"6":1},"b":{},"_coverageSchema":"1a1c01bbd47fc00a2c39e90264f33305004495a9","hash":"267883563c01696f89aaf17e4b660dd0249bc2a6"}
}
