TN:
SF:db/index.js
FN:11,(anonymous_0)
FNF:1
FNH:0
FNDA:0,(anonymous_0)
DA:1,1
DA:2,1
DA:3,1
DA:5,1
DA:11,1
DA:12,0
DA:13,0
DA:16,1
LF:8
LH:6
BRF:0
BRH:0
end_of_record
TN:
SF:db/controllers/controllers.js
FN:3,(anonymous_0)
FN:41,(anonymous_1)
FN:46,(anonymous_2)
FN:51,(anonymous_3)
FN:59,(anonymous_4)
FN:63,(anonymous_5)
FN:69,(anonymous_6)
FN:85,(anonymous_7)
FN:86,(anonymous_8)
FN:96,(anonymous_9)
FN:97,(anonymous_10)
FN:111,(anonymous_11)
FN:112,(anonymous_12)
FN:119,(anonymous_13)
FN:123,(anonymous_14)
FN:129,(anonymous_15)
FN:145,(anonymous_16)
FN:149,(anonymous_17)
FN:156,(anonymous_18)
FN:157,(anonymous_19)
FN:166,(anonymous_20)
FN:169,(anonymous_21)
FN:174,(anonymous_22)
FN:178,(anonymous_23)
FN:181,(anonymous_24)
FN:186,(anonymous_25)
FN:190,(anonymous_26)
FN:193,(anonymous_27)
FNF:28
FNH:16
FNDA:3,(anonymous_0)
FNDA:2,(anonymous_1)
FNDA:10,(anonymous_2)
FNDA:10,(anonymous_3)
FNDA:2,(anonymous_4)
FNDA:1,(anonymous_5)
FNDA:0,(anonymous_6)
FNDA:0,(anonymous_7)
FNDA:0,(anonymous_8)
FNDA:0,(anonymous_9)
FNDA:0,(anonymous_10)
FNDA:0,(anonymous_11)
FNDA:0,(anonymous_12)
FNDA:0,(anonymous_13)
FNDA:0,(anonymous_14)
FNDA:10,(anonymous_15)
FNDA:1,(anonymous_16)
FNDA:0,(anonymous_17)
FNDA:1,(anonymous_18)
FNDA:4,(anonymous_19)
FNDA:1,(anonymous_20)
FNDA:9,(anonymous_21)
FNDA:1,(anonymous_22)
FNDA:1,(anonymous_23)
FNDA:0,(anonymous_24)
FNDA:1,(anonymous_25)
FNDA:1,(anonymous_26)
FNDA:0,(anonymous_27)
DA:1,1
DA:3,1
DA:5,3
DA:7,3
DA:9,3
DA:10,0
DA:11,3
DA:12,0
DA:14,3
DA:18,3
DA:25,3
DA:43,2
DA:46,2
DA:47,10
DA:53,10
DA:57,2
DA:60,2
DA:61,2
DA:64,1
DA:65,1
DA:69,1
DA:70,0
DA:72,0
DA:80,0
DA:86,0
DA:87,0
DA:90,0
DA:97,0
DA:98,0
DA:101,0
DA:112,0
DA:113,0
DA:120,0
DA:121,0
DA:124,0
DA:125,0
DA:129,1
DA:133,10
DA:138,10
DA:141,10
DA:144,10
DA:147,1
DA:149,1
DA:150,0
DA:151,0
DA:154,1
DA:157,1
DA:158,4
DA:159,4
DA:161,4
DA:164,1
DA:167,1
DA:170,9
DA:174,1
DA:175,1
DA:177,1
DA:179,1
DA:182,0
DA:186,1
DA:187,1
DA:189,1
DA:191,1
DA:194,0
LF:63
LH:42
BRDA:5,0,0,3
BRDA:5,1,0,3
BRDA:9,2,0,0
BRDA:9,2,1,3
BRDA:9,3,0,3
BRDA:9,3,1,3
BRDA:11,4,0,0
BRDA:11,4,1,3
BRDA:11,5,0,3
BRDA:11,5,1,3
BRF:10
BRH:8
end_of_record
TN:
SF:server/app.js
FN:3,(anonymous_0)
FN:7,(anonymous_1)
FN:11,(anonymous_2)
FN:15,(anonymous_3)
FN:19,(anonymous_4)
FN:23,(anonymous_5)
FN:27,(anonymous_6)
FNF:7
FNH:5
FNDA:1,(anonymous_0)
FNDA:0,(anonymous_1)
FNDA:3,(anonymous_2)
FNDA:0,(anonymous_3)
FNDA:10,(anonymous_4)
FNDA:1,(anonymous_5)
FNDA:1,(anonymous_6)
DA:1,1
DA:3,1
DA:4,1
DA:5,1
DA:7,1
DA:8,0
DA:11,1
DA:12,3
DA:15,1
DA:16,0
DA:19,1
DA:20,10
DA:23,1
DA:24,1
DA:27,1
DA:28,1
DA:31,1
LF:17
LH:15
BRF:0
BRH:0
end_of_record
